2025-10-24 12:22:38,142 - gcn_skeleton_memory_optimized - INFO - Copy the Config file from cfgs/NTU_models/gcn_skeleton_memory_optimized.yaml to ./experiments/gcn_skeleton_memory_optimized/NTU_models/default/config.yaml
2025-10-24 12:22:38,142 - gcn_skeleton_memory_optimized - INFO - args.config : cfgs/NTU_models/gcn_skeleton_memory_optimized.yaml
2025-10-24 12:22:38,142 - gcn_skeleton_memory_optimized - INFO - args.launcher : none
2025-10-24 12:22:38,142 - gcn_skeleton_memory_optimized - INFO - args.local_rank : 0
2025-10-24 12:22:38,142 - gcn_skeleton_memory_optimized - INFO - args.num_workers : 4
2025-10-24 12:22:38,142 - gcn_skeleton_memory_optimized - INFO - args.seed : 0
2025-10-24 12:22:38,142 - gcn_skeleton_memory_optimized - INFO - args.deterministic : False
2025-10-24 12:22:38,142 - gcn_skeleton_memory_optimized - INFO - args.sync_bn : False
2025-10-24 12:22:38,142 - gcn_skeleton_memory_optimized - INFO - args.exp_name : default
2025-10-24 12:22:38,142 - gcn_skeleton_memory_optimized - INFO - args.start_ckpts : None
2025-10-24 12:22:38,142 - gcn_skeleton_memory_optimized - INFO - args.ckpts : None
2025-10-24 12:22:38,142 - gcn_skeleton_memory_optimized - INFO - args.val_freq : 1
2025-10-24 12:22:38,142 - gcn_skeleton_memory_optimized - INFO - args.resume : False
2025-10-24 12:22:38,142 - gcn_skeleton_memory_optimized - INFO - args.test : False
2025-10-24 12:22:38,142 - gcn_skeleton_memory_optimized - INFO - args.finetune_model : False
2025-10-24 12:22:38,142 - gcn_skeleton_memory_optimized - INFO - args.scratch_model : False
2025-10-24 12:22:38,142 - gcn_skeleton_memory_optimized - INFO - args.label_smoothing : False
2025-10-24 12:22:38,142 - gcn_skeleton_memory_optimized - INFO - args.mode : None
2025-10-24 12:22:38,142 - gcn_skeleton_memory_optimized - INFO - args.way : -1
2025-10-24 12:22:38,142 - gcn_skeleton_memory_optimized - INFO - args.shot : -1
2025-10-24 12:22:38,143 - gcn_skeleton_memory_optimized - INFO - args.fold : -1
2025-10-24 12:22:38,143 - gcn_skeleton_memory_optimized - INFO - args.experiment_path : ./experiments/gcn_skeleton_memory_optimized/NTU_models/default
2025-10-24 12:22:38,143 - gcn_skeleton_memory_optimized - INFO - args.tfboard_path : ./experiments/gcn_skeleton_memory_optimized/NTU_models/TFBoard/default
2025-10-24 12:22:38,143 - gcn_skeleton_memory_optimized - INFO - args.log_name : gcn_skeleton_memory_optimized
2025-10-24 12:22:38,143 - gcn_skeleton_memory_optimized - INFO - args.use_gpu : True
2025-10-24 12:22:38,143 - gcn_skeleton_memory_optimized - INFO - args.distributed : False
2025-10-24 12:22:38,143 - gcn_skeleton_memory_optimized - INFO - config.optimizer = edict()
2025-10-24 12:22:38,143 - gcn_skeleton_memory_optimized - INFO - config.optimizer.type : AdamW
2025-10-24 12:22:38,143 - gcn_skeleton_memory_optimized - INFO - config.optimizer.kwargs = edict()
2025-10-24 12:22:38,143 - gcn_skeleton_memory_optimized - INFO - config.optimizer.kwargs.lr : 0.0008
2025-10-24 12:22:38,143 - gcn_skeleton_memory_optimized - INFO - config.optimizer.kwargs.weight_decay : 0.0001
2025-10-24 12:22:38,143 - gcn_skeleton_memory_optimized - INFO - config.scheduler = edict()
2025-10-24 12:22:38,143 - gcn_skeleton_memory_optimized - INFO - config.scheduler.type : CosLR
2025-10-24 12:22:38,143 - gcn_skeleton_memory_optimized - INFO - config.scheduler.kwargs = edict()
2025-10-24 12:22:38,143 - gcn_skeleton_memory_optimized - INFO - config.scheduler.kwargs.epochs : 100
2025-10-24 12:22:38,143 - gcn_skeleton_memory_optimized - INFO - config.scheduler.kwargs.initial_epochs : 5
2025-10-24 12:22:38,143 - gcn_skeleton_memory_optimized - INFO - config.scheduler.kwargs.warming_up_init_lr : 0.0001
2025-10-24 12:22:38,143 - gcn_skeleton_memory_optimized - INFO - config.kldweight = edict()
2025-10-24 12:22:38,143 - gcn_skeleton_memory_optimized - INFO - config.kldweight.start : 0.0
2025-10-24 12:22:38,143 - gcn_skeleton_memory_optimized - INFO - config.kldweight.target : 0.1
2025-10-24 12:22:38,143 - gcn_skeleton_memory_optimized - INFO - config.kldweight.ntime : 5000
2025-10-24 12:22:38,143 - gcn_skeleton_memory_optimized - INFO - config.dataset = edict()
2025-10-24 12:22:38,143 - gcn_skeleton_memory_optimized - INFO - config.dataset.train = edict()
2025-10-24 12:22:38,143 - gcn_skeleton_memory_optimized - INFO - config.dataset.train._base_ = edict()
2025-10-24 12:22:38,143 - gcn_skeleton_memory_optimized - INFO - config.dataset.train._base_.NAME : NTU_Skeleton_Raw
2025-10-24 12:22:38,144 - gcn_skeleton_memory_optimized - INFO - config.dataset.train._base_.DATA_PATH : ../HumanPoint-BERT/data/NTU-RGB+D
2025-10-24 12:22:38,144 - gcn_skeleton_memory_optimized - INFO - config.dataset.train._base_.N_POINTS : 25
2025-10-24 12:22:38,144 - gcn_skeleton_memory_optimized - INFO - config.dataset.train._base_.action_filter = edict()
2025-10-24 12:22:38,144 - gcn_skeleton_memory_optimized - INFO - config.dataset.train._base_.action_filter.exclude : [50, 51, 52, 53, 54, 55, 56, 57, 58, 59, 60, 106, 107, 108, 109, 110, 111, 112, 113, 114, 115, 116, 117, 118, 119, 120]
2025-10-24 12:22:38,144 - gcn_skeleton_memory_optimized - INFO - config.dataset.train._base_.action_filter.description : 排除双人交互动作，仅使用单人动作进行训练
2025-10-24 12:22:38,144 - gcn_skeleton_memory_optimized - INFO - config.dataset.train._base_.dataset_split = edict()
2025-10-24 12:22:38,144 - gcn_skeleton_memory_optimized - INFO - config.dataset.train._base_.dataset_split.train_ratio : 0.8
2025-10-24 12:22:38,144 - gcn_skeleton_memory_optimized - INFO - config.dataset.train._base_.dataset_split.val_ratio : 0.15
2025-10-24 12:22:38,144 - gcn_skeleton_memory_optimized - INFO - config.dataset.train._base_.dataset_split.test_ratio : 0.05
2025-10-24 12:22:38,144 - gcn_skeleton_memory_optimized - INFO - config.dataset.train._base_.dataset_split.split_method : cross_subject
2025-10-24 12:22:38,144 - gcn_skeleton_memory_optimized - INFO - config.dataset.train._base_.dataset_split.description : 按照交叉主体协议划分数据集
2025-10-24 12:22:38,144 - gcn_skeleton_memory_optimized - INFO - config.dataset.train.others = edict()
2025-10-24 12:22:38,144 - gcn_skeleton_memory_optimized - INFO - config.dataset.train.others.subset : train
2025-10-24 12:22:38,144 - gcn_skeleton_memory_optimized - INFO - config.dataset.train.others.npoints : 25
2025-10-24 12:22:38,144 - gcn_skeleton_memory_optimized - INFO - config.dataset.train.others.normalize : True
2025-10-24 12:22:38,144 - gcn_skeleton_memory_optimized - INFO - config.dataset.train.others.bs : 8
2025-10-24 12:22:38,144 - gcn_skeleton_memory_optimized - INFO - config.dataset.val = edict()
2025-10-24 12:22:38,144 - gcn_skeleton_memory_optimized - INFO - config.dataset.val._base_ = edict()
2025-10-24 12:22:38,144 - gcn_skeleton_memory_optimized - INFO - config.dataset.val._base_.NAME : NTU_Skeleton_Raw
2025-10-24 12:22:38,144 - gcn_skeleton_memory_optimized - INFO - config.dataset.val._base_.DATA_PATH : ../HumanPoint-BERT/data/NTU-RGB+D
2025-10-24 12:22:38,144 - gcn_skeleton_memory_optimized - INFO - config.dataset.val._base_.N_POINTS : 25
2025-10-24 12:22:38,144 - gcn_skeleton_memory_optimized - INFO - config.dataset.val._base_.action_filter = edict()
2025-10-24 12:22:38,144 - gcn_skeleton_memory_optimized - INFO - config.dataset.val._base_.action_filter.exclude : [50, 51, 52, 53, 54, 55, 56, 57, 58, 59, 60, 106, 107, 108, 109, 110, 111, 112, 113, 114, 115, 116, 117, 118, 119, 120]
2025-10-24 12:22:38,144 - gcn_skeleton_memory_optimized - INFO - config.dataset.val._base_.action_filter.description : 排除双人交互动作，仅使用单人动作进行训练
2025-10-24 12:22:38,144 - gcn_skeleton_memory_optimized - INFO - config.dataset.val._base_.dataset_split = edict()
2025-10-24 12:22:38,144 - gcn_skeleton_memory_optimized - INFO - config.dataset.val._base_.dataset_split.train_ratio : 0.8
2025-10-24 12:22:38,144 - gcn_skeleton_memory_optimized - INFO - config.dataset.val._base_.dataset_split.val_ratio : 0.15
2025-10-24 12:22:38,144 - gcn_skeleton_memory_optimized - INFO - config.dataset.val._base_.dataset_split.test_ratio : 0.05
2025-10-24 12:22:38,144 - gcn_skeleton_memory_optimized - INFO - config.dataset.val._base_.dataset_split.split_method : cross_subject
2025-10-24 12:22:38,145 - gcn_skeleton_memory_optimized - INFO - config.dataset.val._base_.dataset_split.description : 按照交叉主体协议划分数据集
2025-10-24 12:22:38,145 - gcn_skeleton_memory_optimized - INFO - config.dataset.val.others = edict()
2025-10-24 12:22:38,145 - gcn_skeleton_memory_optimized - INFO - config.dataset.val.others.subset : val
2025-10-24 12:22:38,145 - gcn_skeleton_memory_optimized - INFO - config.dataset.val.others.npoints : 25
2025-10-24 12:22:38,145 - gcn_skeleton_memory_optimized - INFO - config.dataset.val.others.normalize : True
2025-10-24 12:22:38,145 - gcn_skeleton_memory_optimized - INFO - config.dataset.val.others.bs : 1
2025-10-24 12:22:38,145 - gcn_skeleton_memory_optimized - INFO - config.dataset.test = edict()
2025-10-24 12:22:38,145 - gcn_skeleton_memory_optimized - INFO - config.dataset.test._base_ = edict()
2025-10-24 12:22:38,145 - gcn_skeleton_memory_optimized - INFO - config.dataset.test._base_.NAME : NTU_Skeleton_Raw
2025-10-24 12:22:38,145 - gcn_skeleton_memory_optimized - INFO - config.dataset.test._base_.DATA_PATH : ../HumanPoint-BERT/data/NTU-RGB+D
2025-10-24 12:22:38,145 - gcn_skeleton_memory_optimized - INFO - config.dataset.test._base_.N_POINTS : 25
2025-10-24 12:22:38,145 - gcn_skeleton_memory_optimized - INFO - config.dataset.test._base_.action_filter = edict()
2025-10-24 12:22:38,145 - gcn_skeleton_memory_optimized - INFO - config.dataset.test._base_.action_filter.exclude : [50, 51, 52, 53, 54, 55, 56, 57, 58, 59, 60, 106, 107, 108, 109, 110, 111, 112, 113, 114, 115, 116, 117, 118, 119, 120]
2025-10-24 12:22:38,145 - gcn_skeleton_memory_optimized - INFO - config.dataset.test._base_.action_filter.description : 排除双人交互动作，仅使用单人动作进行训练
2025-10-24 12:22:38,145 - gcn_skeleton_memory_optimized - INFO - config.dataset.test._base_.dataset_split = edict()
2025-10-24 12:22:38,145 - gcn_skeleton_memory_optimized - INFO - config.dataset.test._base_.dataset_split.train_ratio : 0.8
2025-10-24 12:22:38,145 - gcn_skeleton_memory_optimized - INFO - config.dataset.test._base_.dataset_split.val_ratio : 0.15
2025-10-24 12:22:38,145 - gcn_skeleton_memory_optimized - INFO - config.dataset.test._base_.dataset_split.test_ratio : 0.05
2025-10-24 12:22:38,145 - gcn_skeleton_memory_optimized - INFO - config.dataset.test._base_.dataset_split.split_method : cross_subject
2025-10-24 12:22:38,145 - gcn_skeleton_memory_optimized - INFO - config.dataset.test._base_.dataset_split.description : 按照交叉主体协议划分数据集
2025-10-24 12:22:38,145 - gcn_skeleton_memory_optimized - INFO - config.dataset.test.others = edict()
2025-10-24 12:22:38,145 - gcn_skeleton_memory_optimized - INFO - config.dataset.test.others.subset : test
2025-10-24 12:22:38,145 - gcn_skeleton_memory_optimized - INFO - config.dataset.test.others.npoints : 25
2025-10-24 12:22:38,145 - gcn_skeleton_memory_optimized - INFO - config.dataset.test.others.normalize : True
2025-10-24 12:22:38,145 - gcn_skeleton_memory_optimized - INFO - config.dataset.test.others.bs : 1
2025-10-24 12:22:38,145 - gcn_skeleton_memory_optimized - INFO - config.model = edict()
2025-10-24 12:22:38,145 - gcn_skeleton_memory_optimized - INFO - config.model.NAME : GCNSkeletonTokenizer
2025-10-24 12:22:38,146 - gcn_skeleton_memory_optimized - INFO - config.model.num_joints : 25
2025-10-24 12:22:38,146 - gcn_skeleton_memory_optimized - INFO - config.model.num_tokens : 640
2025-10-24 12:22:38,146 - gcn_skeleton_memory_optimized - INFO - config.model.token_dim : 256
2025-10-24 12:22:38,146 - gcn_skeleton_memory_optimized - INFO - config.model.temporal_length : 1
2025-10-24 12:22:38,146 - gcn_skeleton_memory_optimized - INFO - config.total_bs : 8
2025-10-24 12:22:38,146 - gcn_skeleton_memory_optimized - INFO - config.step_per_update : 2
2025-10-24 12:22:38,146 - gcn_skeleton_memory_optimized - INFO - config.max_epoch : 100
2025-10-24 12:22:38,146 - gcn_skeleton_memory_optimized - INFO - config.use_gpu : True
2025-10-24 12:22:38,146 - gcn_skeleton_memory_optimized - INFO - config.val_freq : 10
2025-10-24 12:22:38,146 - gcn_skeleton_memory_optimized - INFO - config.num_workers : 2
2025-10-24 12:22:38,146 - gcn_skeleton_memory_optimized - INFO - config.seed : 2021
2025-10-24 12:22:38,146 - gcn_skeleton_memory_optimized - INFO - config.consider_metric : CDL1
2025-10-24 12:22:38,146 - gcn_skeleton_memory_optimized - INFO - Distributed training: False
2025-10-24 12:22:38,146 - gcn_skeleton_memory_optimized - INFO - Set random seed to 0, deterministic: False
2025-10-24 12:25:22,382 - gcn_skeleton_memory_optimized - INFO - Using Data parallel ...
2025-10-24 12:25:23,424 - gcn_skeleton_memory_optimized - INFO - [Epoch 0/100][Batch 1/8927] BatchTime = 1.039 (s) DataTime = 0.071 (s) Losses = ['291.2762', '1788.6059'] lr = 0.000001
2025-10-24 12:25:23,932 - gcn_skeleton_memory_optimized - INFO - [Epoch 0/100][Batch 21/8927] BatchTime = 0.021 (s) DataTime = 0.001 (s) Losses = ['271.9262', '1695.0297'] lr = 0.000001
2025-10-24 12:25:24,402 - gcn_skeleton_memory_optimized - INFO - [Epoch 0/100][Batch 41/8927] BatchTime = 0.026 (s) DataTime = 0.001 (s) Losses = ['265.0339', '1811.4619'] lr = 0.000001
2025-10-24 12:25:24,899 - gcn_skeleton_memory_optimized - INFO - [Epoch 0/100][Batch 61/8927] BatchTime = 0.020 (s) DataTime = 0.001 (s) Losses = ['280.0093', '1844.8632'] lr = 0.000001
2025-10-24 12:25:25,346 - gcn_skeleton_memory_optimized - INFO - [Epoch 0/100][Batch 81/8927] BatchTime = 0.020 (s) DataTime = 0.001 (s) Losses = ['261.9298', '1793.7403'] lr = 0.000001
2025-10-24 12:25:25,807 - gcn_skeleton_memory_optimized - INFO - [Epoch 0/100][Batch 101/8927] BatchTime = 0.025 (s) DataTime = 0.001 (s) Losses = ['251.3773', '1868.7501'] lr = 0.000001
2025-10-24 12:25:26,292 - gcn_skeleton_memory_optimized - INFO - [Epoch 0/100][Batch 121/8927] BatchTime = 0.027 (s) DataTime = 0.001 (s) Losses = ['261.1513', '1820.2145'] lr = 0.000001
2025-10-24 12:25:26,772 - gcn_skeleton_memory_optimized - INFO - [Epoch 0/100][Batch 141/8927] BatchTime = 0.024 (s) DataTime = 0.001 (s) Losses = ['257.7057', '1791.6934'] lr = 0.000001
2025-10-24 12:25:27,244 - gcn_skeleton_memory_optimized - INFO - [Epoch 0/100][Batch 161/8927] BatchTime = 0.020 (s) DataTime = 0.001 (s) Losses = ['238.0946', '1774.6116'] lr = 0.000001
2025-10-24 12:25:27,736 - gcn_skeleton_memory_optimized - INFO - [Epoch 0/100][Batch 181/8927] BatchTime = 0.021 (s) DataTime = 0.001 (s) Losses = ['227.5027', '1815.6729'] lr = 0.000001
2025-10-24 12:25:28,200 - gcn_skeleton_memory_optimized - INFO - [Epoch 0/100][Batch 201/8927] BatchTime = 0.021 (s) DataTime = 0.001 (s) Losses = ['237.4671', '1713.7610'] lr = 0.000001
2025-10-24 12:25:28,665 - gcn_skeleton_memory_optimized - INFO - [Epoch 0/100][Batch 221/8927] BatchTime = 0.020 (s) DataTime = 0.001 (s) Losses = ['233.4684', '1793.6423'] lr = 0.000001
2025-10-24 12:25:29,159 - gcn_skeleton_memory_optimized - INFO - [Epoch 0/100][Batch 241/8927] BatchTime = 0.021 (s) DataTime = 0.001 (s) Losses = ['230.2611', '1750.8581'] lr = 0.000001
2025-10-24 12:25:30,586 - gcn_skeleton_memory_optimized - INFO - [Epoch 0/100][Batch 261/8927] BatchTime = 0.029 (s) DataTime = 0.001 (s) Losses = ['229.1951', '1738.7323'] lr = 0.000001
2025-10-24 12:25:31,098 - gcn_skeleton_memory_optimized - INFO - [Epoch 0/100][Batch 281/8927] BatchTime = 0.030 (s) DataTime = 0.001 (s) Losses = ['213.6638', '1721.6383'] lr = 0.000001
2025-10-24 12:25:31,596 - gcn_skeleton_memory_optimized - INFO - [Epoch 0/100][Batch 301/8927] BatchTime = 0.020 (s) DataTime = 0.001 (s) Losses = ['226.7718', '1742.0096'] lr = 0.000001
2025-10-24 12:25:32,109 - gcn_skeleton_memory_optimized - INFO - [Epoch 0/100][Batch 321/8927] BatchTime = 0.025 (s) DataTime = 0.001 (s) Losses = ['202.7442', '1888.1763'] lr = 0.000001
2025-10-24 12:25:32,571 - gcn_skeleton_memory_optimized - INFO - [Epoch 0/100][Batch 341/8927] BatchTime = 0.021 (s) DataTime = 0.001 (s) Losses = ['239.5638', '1725.2192'] lr = 0.000001
2025-10-24 12:25:33,109 - gcn_skeleton_memory_optimized - INFO - [Epoch 0/100][Batch 361/8927] BatchTime = 0.033 (s) DataTime = 0.001 (s) Losses = ['209.2067', '1693.8179'] lr = 0.000001
2025-10-24 12:25:33,616 - gcn_skeleton_memory_optimized - INFO - [Epoch 0/100][Batch 381/8927] BatchTime = 0.026 (s) DataTime = 0.001 (s) Losses = ['242.5746', '1810.4445'] lr = 0.000001
2025-10-24 12:25:34,136 - gcn_skeleton_memory_optimized - INFO - [Epoch 0/100][Batch 401/8927] BatchTime = 0.028 (s) DataTime = 0.001 (s) Losses = ['232.7411', '1836.7925'] lr = 0.000001
2025-10-24 12:25:34,622 - gcn_skeleton_memory_optimized - INFO - [Epoch 0/100][Batch 421/8927] BatchTime = 0.026 (s) DataTime = 0.001 (s) Losses = ['218.1724', '1752.1086'] lr = 0.000001
2025-10-24 12:25:35,132 - gcn_skeleton_memory_optimized - INFO - [Epoch 0/100][Batch 441/8927] BatchTime = 0.020 (s) DataTime = 0.001 (s) Losses = ['190.9537', '1786.5243'] lr = 0.000001
2025-10-24 12:25:35,617 - gcn_skeleton_memory_optimized - INFO - [Epoch 0/100][Batch 461/8927] BatchTime = 0.020 (s) DataTime = 0.001 (s) Losses = ['200.9166', '1749.8515'] lr = 0.000001
2025-10-24 12:25:36,109 - gcn_skeleton_memory_optimized - INFO - [Epoch 0/100][Batch 481/8927] BatchTime = 0.020 (s) DataTime = 0.001 (s) Losses = ['195.4930', '1757.6580'] lr = 0.000001
2025-10-24 12:25:36,592 - gcn_skeleton_memory_optimized - INFO - [Epoch 0/100][Batch 501/8927] BatchTime = 0.022 (s) DataTime = 0.001 (s) Losses = ['207.7588', '1700.6452'] lr = 0.000001
2025-10-24 12:25:37,062 - gcn_skeleton_memory_optimized - INFO - [Epoch 0/100][Batch 521/8927] BatchTime = 0.020 (s) DataTime = 0.001 (s) Losses = ['179.6996', '1687.4485'] lr = 0.000001
2025-10-24 12:25:37,521 - gcn_skeleton_memory_optimized - INFO - [Epoch 0/100][Batch 541/8927] BatchTime = 0.022 (s) DataTime = 0.002 (s) Losses = ['185.2473', '1832.0496'] lr = 0.000001
2025-10-24 12:25:38,031 - gcn_skeleton_memory_optimized - INFO - [Epoch 0/100][Batch 561/8927] BatchTime = 0.025 (s) DataTime = 0.001 (s) Losses = ['197.5757', '1797.7722'] lr = 0.000001
2025-10-24 12:25:38,499 - gcn_skeleton_memory_optimized - INFO - [Epoch 0/100][Batch 581/8927] BatchTime = 0.021 (s) DataTime = 0.001 (s) Losses = ['192.1267', '1775.1234'] lr = 0.000001
2025-10-24 12:25:39,008 - gcn_skeleton_memory_optimized - INFO - [Epoch 0/100][Batch 601/8927] BatchTime = 0.030 (s) DataTime = 0.001 (s) Losses = ['196.3381', '1766.1507'] lr = 0.000001
2025-10-24 12:25:39,455 - gcn_skeleton_memory_optimized - INFO - [Epoch 0/100][Batch 621/8927] BatchTime = 0.022 (s) DataTime = 0.001 (s) Losses = ['192.9813', '1765.3743'] lr = 0.000001
2025-10-24 12:25:39,913 - gcn_skeleton_memory_optimized - INFO - [Epoch 0/100][Batch 641/8927] BatchTime = 0.019 (s) DataTime = 0.001 (s) Losses = ['188.1912', '1764.6120'] lr = 0.000001
2025-10-24 12:25:40,389 - gcn_skeleton_memory_optimized - INFO - [Epoch 0/100][Batch 661/8927] BatchTime = 0.020 (s) DataTime = 0.001 (s) Losses = ['175.8608', '1802.0294'] lr = 0.000001
2025-10-24 12:25:40,879 - gcn_skeleton_memory_optimized - INFO - [Epoch 0/100][Batch 681/8927] BatchTime = 0.023 (s) DataTime = 0.001 (s) Losses = ['173.0086', '1772.6412'] lr = 0.000001
2025-10-24 12:25:41,358 - gcn_skeleton_memory_optimized - INFO - [Epoch 0/100][Batch 701/8927] BatchTime = 0.021 (s) DataTime = 0.001 (s) Losses = ['184.2991', '1821.9614'] lr = 0.000001
2025-10-24 12:25:41,802 - gcn_skeleton_memory_optimized - INFO - [Epoch 0/100][Batch 721/8927] BatchTime = 0.019 (s) DataTime = 0.001 (s) Losses = ['198.2402', '1821.7428'] lr = 0.000001
2025-10-24 12:25:42,243 - gcn_skeleton_memory_optimized - INFO - [Epoch 0/100][Batch 741/8927] BatchTime = 0.020 (s) DataTime = 0.001 (s) Losses = ['162.6951', '1715.5859'] lr = 0.000001
2025-10-24 12:25:42,686 - gcn_skeleton_memory_optimized - INFO - [Epoch 0/100][Batch 761/8927] BatchTime = 0.020 (s) DataTime = 0.001 (s) Losses = ['176.7486', '1709.5301'] lr = 0.000001
2025-10-24 12:25:43,141 - gcn_skeleton_memory_optimized - INFO - [Epoch 0/100][Batch 781/8927] BatchTime = 0.020 (s) DataTime = 0.001 (s) Losses = ['173.1637', '1721.3624'] lr = 0.000001
2025-10-24 12:25:43,644 - gcn_skeleton_memory_optimized - INFO - [Epoch 0/100][Batch 801/8927] BatchTime = 0.028 (s) DataTime = 0.001 (s) Losses = ['176.8778', '1766.6457'] lr = 0.000001
2025-10-24 12:25:44,162 - gcn_skeleton_memory_optimized - INFO - [Epoch 0/100][Batch 821/8927] BatchTime = 0.020 (s) DataTime = 0.001 (s) Losses = ['166.2050', '1734.7686'] lr = 0.000001
2025-10-24 12:25:44,640 - gcn_skeleton_memory_optimized - INFO - [Epoch 0/100][Batch 841/8927] BatchTime = 0.021 (s) DataTime = 0.001 (s) Losses = ['170.9576', '1832.6296'] lr = 0.000001
2025-10-24 12:25:45,109 - gcn_skeleton_memory_optimized - INFO - [Epoch 0/100][Batch 861/8927] BatchTime = 0.020 (s) DataTime = 0.001 (s) Losses = ['163.5392', '1734.6511'] lr = 0.000001
2025-10-24 12:25:45,613 - gcn_skeleton_memory_optimized - INFO - [Epoch 0/100][Batch 881/8927] BatchTime = 0.022 (s) DataTime = 0.001 (s) Losses = ['179.4541', '1775.8349'] lr = 0.000001
2025-10-24 12:25:46,086 - gcn_skeleton_memory_optimized - INFO - [Epoch 0/100][Batch 901/8927] BatchTime = 0.021 (s) DataTime = 0.001 (s) Losses = ['189.2202', '1857.8329'] lr = 0.000001
2025-10-24 12:25:46,553 - gcn_skeleton_memory_optimized - INFO - [Epoch 0/100][Batch 921/8927] BatchTime = 0.025 (s) DataTime = 0.001 (s) Losses = ['165.6970', '1825.0127'] lr = 0.000001
2025-10-24 12:25:47,042 - gcn_skeleton_memory_optimized - INFO - [Epoch 0/100][Batch 941/8927] BatchTime = 0.022 (s) DataTime = 0.001 (s) Losses = ['168.3977', '1801.4747'] lr = 0.000001
2025-10-24 12:25:47,515 - gcn_skeleton_memory_optimized - INFO - [Epoch 0/100][Batch 961/8927] BatchTime = 0.025 (s) DataTime = 0.001 (s) Losses = ['175.9708', '1755.0650'] lr = 0.000001
2025-10-24 12:25:47,970 - gcn_skeleton_memory_optimized - INFO - [Epoch 0/100][Batch 981/8927] BatchTime = 0.022 (s) DataTime = 0.001 (s) Losses = ['184.8409', '1868.2169'] lr = 0.000001
2025-10-24 12:25:48,475 - gcn_skeleton_memory_optimized - INFO - [Epoch 0/100][Batch 1001/8927] BatchTime = 0.022 (s) DataTime = 0.001 (s) Losses = ['171.2228', '1689.0786'] lr = 0.000001
2025-10-24 12:25:48,979 - gcn_skeleton_memory_optimized - INFO - [Epoch 0/100][Batch 1021/8927] BatchTime = 0.024 (s) DataTime = 0.001 (s) Losses = ['153.5635', '1834.7025'] lr = 0.000001
2025-10-24 12:25:49,572 - gcn_skeleton_memory_optimized - INFO - [Epoch 0/100][Batch 1041/8927] BatchTime = 0.033 (s) DataTime = 0.001 (s) Losses = ['157.9885', '1740.0659'] lr = 0.000001
