2025-09-11 10:08:06,463 - gcn_skeleton_memory_optimized - INFO - Copy the Config file from cfgs/NTU_models/gcn_skeleton_memory_optimized.yaml to ./experiments/gcn_skeleton_memory_optimized/NTU_models/default/config.yaml
2025-09-11 10:08:06,464 - gcn_skeleton_memory_optimized - INFO - args.config : cfgs/NTU_models/gcn_skeleton_memory_optimized.yaml
2025-09-11 10:08:06,464 - gcn_skeleton_memory_optimized - INFO - args.launcher : none
2025-09-11 10:08:06,464 - gcn_skeleton_memory_optimized - INFO - args.local_rank : 0
2025-09-11 10:08:06,464 - gcn_skeleton_memory_optimized - INFO - args.num_workers : 4
2025-09-11 10:08:06,464 - gcn_skeleton_memory_optimized - INFO - args.seed : 0
2025-09-11 10:08:06,464 - gcn_skeleton_memory_optimized - INFO - args.deterministic : False
2025-09-11 10:08:06,464 - gcn_skeleton_memory_optimized - INFO - args.sync_bn : False
2025-09-11 10:08:06,464 - gcn_skeleton_memory_optimized - INFO - args.exp_name : default
2025-09-11 10:08:06,464 - gcn_skeleton_memory_optimized - INFO - args.start_ckpts : None
2025-09-11 10:08:06,464 - gcn_skeleton_memory_optimized - INFO - args.ckpts : None
2025-09-11 10:08:06,464 - gcn_skeleton_memory_optimized - INFO - args.val_freq : 1
2025-09-11 10:08:06,464 - gcn_skeleton_memory_optimized - INFO - args.resume : False
2025-09-11 10:08:06,464 - gcn_skeleton_memory_optimized - INFO - args.test : False
2025-09-11 10:08:06,464 - gcn_skeleton_memory_optimized - INFO - args.finetune_model : False
2025-09-11 10:08:06,464 - gcn_skeleton_memory_optimized - INFO - args.scratch_model : False
2025-09-11 10:08:06,464 - gcn_skeleton_memory_optimized - INFO - args.label_smoothing : False
2025-09-11 10:08:06,464 - gcn_skeleton_memory_optimized - INFO - args.mode : None
2025-09-11 10:08:06,464 - gcn_skeleton_memory_optimized - INFO - args.way : -1
2025-09-11 10:08:06,464 - gcn_skeleton_memory_optimized - INFO - args.shot : -1
2025-09-11 10:08:06,464 - gcn_skeleton_memory_optimized - INFO - args.fold : -1
2025-09-11 10:08:06,464 - gcn_skeleton_memory_optimized - INFO - args.experiment_path : ./experiments/gcn_skeleton_memory_optimized/NTU_models/default
2025-09-11 10:08:06,464 - gcn_skeleton_memory_optimized - INFO - args.tfboard_path : ./experiments/gcn_skeleton_memory_optimized/NTU_models/TFBoard/default
2025-09-11 10:08:06,464 - gcn_skeleton_memory_optimized - INFO - args.log_name : gcn_skeleton_memory_optimized
2025-09-11 10:08:06,464 - gcn_skeleton_memory_optimized - INFO - args.use_gpu : True
2025-09-11 10:08:06,464 - gcn_skeleton_memory_optimized - INFO - args.distributed : False
2025-09-11 10:08:06,464 - gcn_skeleton_memory_optimized - INFO - config.optimizer = edict()
2025-09-11 10:08:06,464 - gcn_skeleton_memory_optimized - INFO - config.optimizer.type : AdamW
2025-09-11 10:08:06,464 - gcn_skeleton_memory_optimized - INFO - config.optimizer.kwargs = edict()
2025-09-11 10:08:06,464 - gcn_skeleton_memory_optimized - INFO - config.optimizer.kwargs.lr : 0.001
2025-09-11 10:08:06,464 - gcn_skeleton_memory_optimized - INFO - config.optimizer.kwargs.weight_decay : 0.0001
2025-09-11 10:08:06,464 - gcn_skeleton_memory_optimized - INFO - config.scheduler = edict()
2025-09-11 10:08:06,465 - gcn_skeleton_memory_optimized - INFO - config.scheduler.type : CosLR
2025-09-11 10:08:06,465 - gcn_skeleton_memory_optimized - INFO - config.scheduler.kwargs = edict()
2025-09-11 10:08:06,465 - gcn_skeleton_memory_optimized - INFO - config.scheduler.kwargs.epochs : 100
2025-09-11 10:08:06,465 - gcn_skeleton_memory_optimized - INFO - config.scheduler.kwargs.initial_epochs : 5
2025-09-11 10:08:06,465 - gcn_skeleton_memory_optimized - INFO - config.scheduler.kwargs.warming_up_init_lr : 0.0001
2025-09-11 10:08:06,465 - gcn_skeleton_memory_optimized - INFO - config.kldweight = edict()
2025-09-11 10:08:06,465 - gcn_skeleton_memory_optimized - INFO - config.kldweight.start : 0.0
2025-09-11 10:08:06,465 - gcn_skeleton_memory_optimized - INFO - config.kldweight.target : 0.1
2025-09-11 10:08:06,465 - gcn_skeleton_memory_optimized - INFO - config.kldweight.ntime : 10000
2025-09-11 10:08:06,465 - gcn_skeleton_memory_optimized - INFO - config.dataset = edict()
2025-09-11 10:08:06,465 - gcn_skeleton_memory_optimized - INFO - config.dataset.train = edict()
2025-09-11 10:08:06,465 - gcn_skeleton_memory_optimized - INFO - config.dataset.train._base_ = edict()
2025-09-11 10:08:06,465 - gcn_skeleton_memory_optimized - INFO - config.dataset.train._base_.NAME : NTU_Skeleton_Raw
2025-09-11 10:08:06,465 - gcn_skeleton_memory_optimized - INFO - config.dataset.train._base_.DATA_PATH : ../HumanPoint-BERT/data/NTU-RGB+D
2025-09-11 10:08:06,465 - gcn_skeleton_memory_optimized - INFO - config.dataset.train._base_.N_POINTS : 25
2025-09-11 10:08:06,465 - gcn_skeleton_memory_optimized - INFO - config.dataset.train._base_.action_filter = edict()
2025-09-11 10:08:06,465 - gcn_skeleton_memory_optimized - INFO - config.dataset.train._base_.action_filter.exclude : [50, 51, 52, 53, 54, 55, 56, 57, 58, 59, 60, 106, 107, 108, 109, 110, 111, 112, 113, 114, 115, 116, 117, 118, 119, 120]
2025-09-11 10:08:06,465 - gcn_skeleton_memory_optimized - INFO - config.dataset.train._base_.action_filter.description : 排除双人交互动作，仅使用单人动作进行训练
2025-09-11 10:08:06,465 - gcn_skeleton_memory_optimized - INFO - config.dataset.train._base_.dataset_split = edict()
2025-09-11 10:08:06,466 - gcn_skeleton_memory_optimized - INFO - config.dataset.train._base_.dataset_split.train_ratio : 0.8
2025-09-11 10:08:06,466 - gcn_skeleton_memory_optimized - INFO - config.dataset.train._base_.dataset_split.val_ratio : 0.15
2025-09-11 10:08:06,466 - gcn_skeleton_memory_optimized - INFO - config.dataset.train._base_.dataset_split.test_ratio : 0.05
2025-09-11 10:08:06,466 - gcn_skeleton_memory_optimized - INFO - config.dataset.train._base_.dataset_split.split_method : cross_subject
2025-09-11 10:08:06,466 - gcn_skeleton_memory_optimized - INFO - config.dataset.train._base_.dataset_split.description : 按照交叉主体协议划分数据集
2025-09-11 10:08:06,466 - gcn_skeleton_memory_optimized - INFO - config.dataset.train.others = edict()
2025-09-11 10:08:06,466 - gcn_skeleton_memory_optimized - INFO - config.dataset.train.others.subset : train
2025-09-11 10:08:06,466 - gcn_skeleton_memory_optimized - INFO - config.dataset.train.others.npoints : 25
2025-09-11 10:08:06,466 - gcn_skeleton_memory_optimized - INFO - config.dataset.train.others.normalize : True
2025-09-11 10:08:06,466 - gcn_skeleton_memory_optimized - INFO - config.dataset.train.others.bs : 8
2025-09-11 10:08:06,466 - gcn_skeleton_memory_optimized - INFO - config.dataset.val = edict()
2025-09-11 10:08:06,466 - gcn_skeleton_memory_optimized - INFO - config.dataset.val._base_ = edict()
2025-09-11 10:08:06,466 - gcn_skeleton_memory_optimized - INFO - config.dataset.val._base_.NAME : NTU_Skeleton_Raw
2025-09-11 10:08:06,466 - gcn_skeleton_memory_optimized - INFO - config.dataset.val._base_.DATA_PATH : ../HumanPoint-BERT/data/NTU-RGB+D
2025-09-11 10:08:06,466 - gcn_skeleton_memory_optimized - INFO - config.dataset.val._base_.N_POINTS : 25
2025-09-11 10:08:06,466 - gcn_skeleton_memory_optimized - INFO - config.dataset.val._base_.action_filter = edict()
2025-09-11 10:08:06,466 - gcn_skeleton_memory_optimized - INFO - config.dataset.val._base_.action_filter.exclude : [50, 51, 52, 53, 54, 55, 56, 57, 58, 59, 60, 106, 107, 108, 109, 110, 111, 112, 113, 114, 115, 116, 117, 118, 119, 120]
2025-09-11 10:08:06,466 - gcn_skeleton_memory_optimized - INFO - config.dataset.val._base_.action_filter.description : 排除双人交互动作，仅使用单人动作进行训练
2025-09-11 10:08:06,466 - gcn_skeleton_memory_optimized - INFO - config.dataset.val._base_.dataset_split = edict()
2025-09-11 10:08:06,467 - gcn_skeleton_memory_optimized - INFO - config.dataset.val._base_.dataset_split.train_ratio : 0.8
2025-09-11 10:08:06,467 - gcn_skeleton_memory_optimized - INFO - config.dataset.val._base_.dataset_split.val_ratio : 0.15
2025-09-11 10:08:06,467 - gcn_skeleton_memory_optimized - INFO - config.dataset.val._base_.dataset_split.test_ratio : 0.05
2025-09-11 10:08:06,467 - gcn_skeleton_memory_optimized - INFO - config.dataset.val._base_.dataset_split.split_method : cross_subject
2025-09-11 10:08:06,467 - gcn_skeleton_memory_optimized - INFO - config.dataset.val._base_.dataset_split.description : 按照交叉主体协议划分数据集
2025-09-11 10:08:06,467 - gcn_skeleton_memory_optimized - INFO - config.dataset.val.others = edict()
2025-09-11 10:08:06,467 - gcn_skeleton_memory_optimized - INFO - config.dataset.val.others.subset : val
2025-09-11 10:08:06,467 - gcn_skeleton_memory_optimized - INFO - config.dataset.val.others.npoints : 25
2025-09-11 10:08:06,467 - gcn_skeleton_memory_optimized - INFO - config.dataset.val.others.normalize : True
2025-09-11 10:08:06,467 - gcn_skeleton_memory_optimized - INFO - config.dataset.val.others.bs : 1
2025-09-11 10:08:06,467 - gcn_skeleton_memory_optimized - INFO - config.dataset.test = edict()
2025-09-11 10:08:06,467 - gcn_skeleton_memory_optimized - INFO - config.dataset.test._base_ = edict()
2025-09-11 10:08:06,467 - gcn_skeleton_memory_optimized - INFO - config.dataset.test._base_.NAME : NTU_Skeleton_Raw
2025-09-11 10:08:06,467 - gcn_skeleton_memory_optimized - INFO - config.dataset.test._base_.DATA_PATH : ../HumanPoint-BERT/data/NTU-RGB+D
2025-09-11 10:08:06,467 - gcn_skeleton_memory_optimized - INFO - config.dataset.test._base_.N_POINTS : 25
2025-09-11 10:08:06,467 - gcn_skeleton_memory_optimized - INFO - config.dataset.test._base_.action_filter = edict()
2025-09-11 10:08:06,467 - gcn_skeleton_memory_optimized - INFO - config.dataset.test._base_.action_filter.exclude : [50, 51, 52, 53, 54, 55, 56, 57, 58, 59, 60, 106, 107, 108, 109, 110, 111, 112, 113, 114, 115, 116, 117, 118, 119, 120]
2025-09-11 10:08:06,467 - gcn_skeleton_memory_optimized - INFO - config.dataset.test._base_.action_filter.description : 排除双人交互动作，仅使用单人动作进行训练
2025-09-11 10:08:06,467 - gcn_skeleton_memory_optimized - INFO - config.dataset.test._base_.dataset_split = edict()
2025-09-11 10:08:06,467 - gcn_skeleton_memory_optimized - INFO - config.dataset.test._base_.dataset_split.train_ratio : 0.8
2025-09-11 10:08:06,468 - gcn_skeleton_memory_optimized - INFO - config.dataset.test._base_.dataset_split.val_ratio : 0.15
2025-09-11 10:08:06,468 - gcn_skeleton_memory_optimized - INFO - config.dataset.test._base_.dataset_split.test_ratio : 0.05
2025-09-11 10:08:06,468 - gcn_skeleton_memory_optimized - INFO - config.dataset.test._base_.dataset_split.split_method : cross_subject
2025-09-11 10:08:06,468 - gcn_skeleton_memory_optimized - INFO - config.dataset.test._base_.dataset_split.description : 按照交叉主体协议划分数据集
2025-09-11 10:08:06,468 - gcn_skeleton_memory_optimized - INFO - config.dataset.test.others = edict()
2025-09-11 10:08:06,468 - gcn_skeleton_memory_optimized - INFO - config.dataset.test.others.subset : test
2025-09-11 10:08:06,468 - gcn_skeleton_memory_optimized - INFO - config.dataset.test.others.npoints : 25
2025-09-11 10:08:06,468 - gcn_skeleton_memory_optimized - INFO - config.dataset.test.others.normalize : True
2025-09-11 10:08:06,468 - gcn_skeleton_memory_optimized - INFO - config.dataset.test.others.bs : 1
2025-09-11 10:08:06,468 - gcn_skeleton_memory_optimized - INFO - config.model = edict()
2025-09-11 10:08:06,468 - gcn_skeleton_memory_optimized - INFO - config.model.NAME : GCNSkeletonTokenizer
2025-09-11 10:08:06,468 - gcn_skeleton_memory_optimized - INFO - config.model.num_joints : 25
2025-09-11 10:08:06,468 - gcn_skeleton_memory_optimized - INFO - config.model.num_tokens : 640
2025-09-11 10:08:06,468 - gcn_skeleton_memory_optimized - INFO - config.model.token_dim : 256
2025-09-11 10:08:06,468 - gcn_skeleton_memory_optimized - INFO - config.model.temporal_length : 1
2025-09-11 10:08:06,468 - gcn_skeleton_memory_optimized - INFO - config.total_bs : 8
2025-09-11 10:08:06,468 - gcn_skeleton_memory_optimized - INFO - config.step_per_update : 1
2025-09-11 10:08:06,469 - gcn_skeleton_memory_optimized - INFO - config.max_epoch : 100
2025-09-11 10:08:06,469 - gcn_skeleton_memory_optimized - INFO - config.use_gpu : True
2025-09-11 10:08:06,469 - gcn_skeleton_memory_optimized - INFO - config.val_freq : 5
2025-09-11 10:08:06,469 - gcn_skeleton_memory_optimized - INFO - config.num_workers : 4
2025-09-11 10:08:06,469 - gcn_skeleton_memory_optimized - INFO - config.seed : 2021
2025-09-11 10:08:06,469 - gcn_skeleton_memory_optimized - INFO - config.consider_metric : CDL1
2025-09-11 10:08:06,469 - gcn_skeleton_memory_optimized - INFO - Distributed training: False
2025-09-11 10:08:06,469 - gcn_skeleton_memory_optimized - INFO - Set random seed to 0, deterministic: False
2025-09-11 10:11:05,738 - gcn_skeleton_memory_optimized - INFO - Using Data parallel ...
2025-09-11 10:11:06,815 - gcn_skeleton_memory_optimized - INFO - [Epoch 0/100][Batch 1/8927] BatchTime = 1.075 (s) DataTime = 0.064 (s) Losses = ['1925.9870', '106.5198'] lr = 0.000001
2025-09-11 10:11:07,314 - gcn_skeleton_memory_optimized - INFO - [Epoch 0/100][Batch 21/8927] BatchTime = 0.022 (s) DataTime = 0.001 (s) Losses = ['1866.6716', '110.1320'] lr = 0.000001
2025-09-11 10:11:07,846 - gcn_skeleton_memory_optimized - INFO - [Epoch 0/100][Batch 41/8927] BatchTime = 0.033 (s) DataTime = 0.001 (s) Losses = ['1939.6955', '103.2496'] lr = 0.000001
2025-09-11 10:11:08,317 - gcn_skeleton_memory_optimized - INFO - [Epoch 0/100][Batch 61/8927] BatchTime = 0.029 (s) DataTime = 0.001 (s) Losses = ['1863.2975', '114.5661'] lr = 0.000001
2025-09-11 10:11:08,800 - gcn_skeleton_memory_optimized - INFO - [Epoch 0/100][Batch 81/8927] BatchTime = 0.021 (s) DataTime = 0.001 (s) Losses = ['1922.9395', '105.6289'] lr = 0.000001
2025-09-11 10:11:09,299 - gcn_skeleton_memory_optimized - INFO - [Epoch 0/100][Batch 101/8927] BatchTime = 0.022 (s) DataTime = 0.001 (s) Losses = ['1934.1900', '109.1056'] lr = 0.000001
2025-09-11 10:11:09,754 - gcn_skeleton_memory_optimized - INFO - [Epoch 0/100][Batch 121/8927] BatchTime = 0.022 (s) DataTime = 0.001 (s) Losses = ['1888.6392', '98.9587'] lr = 0.000001
2025-09-11 10:11:10,281 - gcn_skeleton_memory_optimized - INFO - [Epoch 0/100][Batch 141/8927] BatchTime = 0.023 (s) DataTime = 0.001 (s) Losses = ['1885.7340', '102.2941'] lr = 0.000001
2025-09-11 10:11:10,764 - gcn_skeleton_memory_optimized - INFO - [Epoch 0/100][Batch 161/8927] BatchTime = 0.023 (s) DataTime = 0.001 (s) Losses = ['1851.2609', '105.7779'] lr = 0.000001
2025-09-11 10:11:11,257 - gcn_skeleton_memory_optimized - INFO - [Epoch 0/100][Batch 181/8927] BatchTime = 0.023 (s) DataTime = 0.001 (s) Losses = ['1885.3180', '116.1257'] lr = 0.000001
2025-09-11 10:11:11,767 - gcn_skeleton_memory_optimized - INFO - [Epoch 0/100][Batch 201/8927] BatchTime = 0.023 (s) DataTime = 0.001 (s) Losses = ['1876.8362', '116.4282'] lr = 0.000001
2025-09-11 10:11:12,254 - gcn_skeleton_memory_optimized - INFO - [Epoch 0/100][Batch 221/8927] BatchTime = 0.023 (s) DataTime = 0.001 (s) Losses = ['1917.3198', '106.3837'] lr = 0.000001
2025-09-11 10:11:12,755 - gcn_skeleton_memory_optimized - INFO - [Epoch 0/100][Batch 241/8927] BatchTime = 0.024 (s) DataTime = 0.001 (s) Losses = ['1925.9810', '111.1737'] lr = 0.000001
