2025-11-03 12:29:41,386 - gcn_skeleton_memory_optimized_2 - INFO - Copy the Config file from cfgs/NTU_models/gcn_skeleton_memory_optimized_2.yaml to ./experiments/gcn_skeleton_memory_optimized_2/NTU_models/gcn_skeleton_gumbel_softmax/config.yaml
2025-11-03 12:29:41,386 - gcn_skeleton_memory_optimized_2 - INFO - args.config : cfgs/NTU_models/gcn_skeleton_memory_optimized_2.yaml
2025-11-03 12:29:41,386 - gcn_skeleton_memory_optimized_2 - INFO - args.launcher : none
2025-11-03 12:29:41,386 - gcn_skeleton_memory_optimized_2 - INFO - args.local_rank : 0
2025-11-03 12:29:41,386 - gcn_skeleton_memory_optimized_2 - INFO - args.num_workers : 4
2025-11-03 12:29:41,386 - gcn_skeleton_memory_optimized_2 - INFO - args.seed : 0
2025-11-03 12:29:41,386 - gcn_skeleton_memory_optimized_2 - INFO - args.deterministic : False
2025-11-03 12:29:41,386 - gcn_skeleton_memory_optimized_2 - INFO - args.sync_bn : False
2025-11-03 12:29:41,386 - gcn_skeleton_memory_optimized_2 - INFO - args.exp_name : gcn_skeleton_gumbel_softmax
2025-11-03 12:29:41,386 - gcn_skeleton_memory_optimized_2 - INFO - args.start_ckpts : None
2025-11-03 12:29:41,386 - gcn_skeleton_memory_optimized_2 - INFO - args.ckpts : None
2025-11-03 12:29:41,386 - gcn_skeleton_memory_optimized_2 - INFO - args.val_freq : 1
2025-11-03 12:29:41,386 - gcn_skeleton_memory_optimized_2 - INFO - args.resume : False
2025-11-03 12:29:41,387 - gcn_skeleton_memory_optimized_2 - INFO - args.test : False
2025-11-03 12:29:41,387 - gcn_skeleton_memory_optimized_2 - INFO - args.finetune_model : False
2025-11-03 12:29:41,387 - gcn_skeleton_memory_optimized_2 - INFO - args.scratch_model : False
2025-11-03 12:29:41,387 - gcn_skeleton_memory_optimized_2 - INFO - args.label_smoothing : False
2025-11-03 12:29:41,387 - gcn_skeleton_memory_optimized_2 - INFO - args.mode : None
2025-11-03 12:29:41,387 - gcn_skeleton_memory_optimized_2 - INFO - args.way : -1
2025-11-03 12:29:41,387 - gcn_skeleton_memory_optimized_2 - INFO - args.shot : -1
2025-11-03 12:29:41,387 - gcn_skeleton_memory_optimized_2 - INFO - args.fold : -1
2025-11-03 12:29:41,387 - gcn_skeleton_memory_optimized_2 - INFO - args.experiment_path : ./experiments/gcn_skeleton_memory_optimized_2/NTU_models/gcn_skeleton_gumbel_softmax
2025-11-03 12:29:41,387 - gcn_skeleton_memory_optimized_2 - INFO - args.tfboard_path : ./experiments/gcn_skeleton_memory_optimized_2/NTU_models/TFBoard/gcn_skeleton_gumbel_softmax
2025-11-03 12:29:41,387 - gcn_skeleton_memory_optimized_2 - INFO - args.log_name : gcn_skeleton_memory_optimized_2
2025-11-03 12:29:41,387 - gcn_skeleton_memory_optimized_2 - INFO - args.use_gpu : True
2025-11-03 12:29:41,387 - gcn_skeleton_memory_optimized_2 - INFO - args.distributed : False
2025-11-03 12:29:41,387 - gcn_skeleton_memory_optimized_2 - INFO - config.optimizer = edict()
2025-11-03 12:29:41,387 - gcn_skeleton_memory_optimized_2 - INFO - config.optimizer.type : AdamW
2025-11-03 12:29:41,387 - gcn_skeleton_memory_optimized_2 - INFO - config.optimizer.kwargs = edict()
2025-11-03 12:29:41,387 - gcn_skeleton_memory_optimized_2 - INFO - config.optimizer.kwargs.lr : 0.0003
2025-11-03 12:29:41,387 - gcn_skeleton_memory_optimized_2 - INFO - config.optimizer.kwargs.weight_decay : 0.0001
2025-11-03 12:29:41,387 - gcn_skeleton_memory_optimized_2 - INFO - config.scheduler = edict()
2025-11-03 12:29:41,387 - gcn_skeleton_memory_optimized_2 - INFO - config.scheduler.type : CosLR
2025-11-03 12:29:41,387 - gcn_skeleton_memory_optimized_2 - INFO - config.scheduler.kwargs = edict()
2025-11-03 12:29:41,387 - gcn_skeleton_memory_optimized_2 - INFO - config.scheduler.kwargs.epochs : 100
2025-11-03 12:29:41,387 - gcn_skeleton_memory_optimized_2 - INFO - config.scheduler.kwargs.initial_epochs : 10
2025-11-03 12:29:41,387 - gcn_skeleton_memory_optimized_2 - INFO - config.scheduler.kwargs.warming_up_init_lr : 5e-05
2025-11-03 12:29:41,387 - gcn_skeleton_memory_optimized_2 - INFO - config.kldweight = edict()
2025-11-03 12:29:41,387 - gcn_skeleton_memory_optimized_2 - INFO - config.kldweight.start : 0.2
2025-11-03 12:29:41,387 - gcn_skeleton_memory_optimized_2 - INFO - config.kldweight.target : 0.8
2025-11-03 12:29:41,387 - gcn_skeleton_memory_optimized_2 - INFO - config.kldweight.ntime : 8000
2025-11-03 12:29:41,387 - gcn_skeleton_memory_optimized_2 - INFO - config.dataset = edict()
2025-11-03 12:29:41,387 - gcn_skeleton_memory_optimized_2 - INFO - config.dataset.train = edict()
2025-11-03 12:29:41,388 - gcn_skeleton_memory_optimized_2 - INFO - config.dataset.train._base_ = edict()
2025-11-03 12:29:41,388 - gcn_skeleton_memory_optimized_2 - INFO - config.dataset.train._base_.NAME : NTU_Skeleton_Raw
2025-11-03 12:29:41,388 - gcn_skeleton_memory_optimized_2 - INFO - config.dataset.train._base_.DATA_PATH : ../HumanPoint-BERT/data/NTU-RGB+D
2025-11-03 12:29:41,388 - gcn_skeleton_memory_optimized_2 - INFO - config.dataset.train._base_.N_POINTS : 25
2025-11-03 12:29:41,388 - gcn_skeleton_memory_optimized_2 - INFO - config.dataset.train._base_.action_filter = edict()
2025-11-03 12:29:41,388 - gcn_skeleton_memory_optimized_2 - INFO - config.dataset.train._base_.action_filter.exclude : [50, 51, 52, 53, 54, 55, 56, 57, 58, 59, 60, 106, 107, 108, 109, 110, 111, 112, 113, 114, 115, 116, 117, 118, 119, 120]
2025-11-03 12:29:41,388 - gcn_skeleton_memory_optimized_2 - INFO - config.dataset.train._base_.action_filter.description : 排除双人交互动作，仅使用单人动作进行训练
2025-11-03 12:29:41,388 - gcn_skeleton_memory_optimized_2 - INFO - config.dataset.train._base_.dataset_split = edict()
2025-11-03 12:29:41,388 - gcn_skeleton_memory_optimized_2 - INFO - config.dataset.train._base_.dataset_split.train_ratio : 0.8
2025-11-03 12:29:41,388 - gcn_skeleton_memory_optimized_2 - INFO - config.dataset.train._base_.dataset_split.val_ratio : 0.15
2025-11-03 12:29:41,388 - gcn_skeleton_memory_optimized_2 - INFO - config.dataset.train._base_.dataset_split.test_ratio : 0.05
2025-11-03 12:29:41,388 - gcn_skeleton_memory_optimized_2 - INFO - config.dataset.train._base_.dataset_split.split_method : cross_subject
2025-11-03 12:29:41,388 - gcn_skeleton_memory_optimized_2 - INFO - config.dataset.train._base_.dataset_split.description : 按照交叉主体协议划分数据集
2025-11-03 12:29:41,388 - gcn_skeleton_memory_optimized_2 - INFO - config.dataset.train.others = edict()
2025-11-03 12:29:41,388 - gcn_skeleton_memory_optimized_2 - INFO - config.dataset.train.others.subset : train
2025-11-03 12:29:41,388 - gcn_skeleton_memory_optimized_2 - INFO - config.dataset.train.others.npoints : 25
2025-11-03 12:29:41,388 - gcn_skeleton_memory_optimized_2 - INFO - config.dataset.train.others.normalize : True
2025-11-03 12:29:41,388 - gcn_skeleton_memory_optimized_2 - INFO - config.dataset.train.others.bs : 8
2025-11-03 12:29:41,388 - gcn_skeleton_memory_optimized_2 - INFO - config.dataset.val = edict()
2025-11-03 12:29:41,388 - gcn_skeleton_memory_optimized_2 - INFO - config.dataset.val._base_ = edict()
2025-11-03 12:29:41,388 - gcn_skeleton_memory_optimized_2 - INFO - config.dataset.val._base_.NAME : NTU_Skeleton_Raw
2025-11-03 12:29:41,388 - gcn_skeleton_memory_optimized_2 - INFO - config.dataset.val._base_.DATA_PATH : ../HumanPoint-BERT/data/NTU-RGB+D
2025-11-03 12:29:41,388 - gcn_skeleton_memory_optimized_2 - INFO - config.dataset.val._base_.N_POINTS : 25
2025-11-03 12:29:41,388 - gcn_skeleton_memory_optimized_2 - INFO - config.dataset.val._base_.action_filter = edict()
2025-11-03 12:29:41,388 - gcn_skeleton_memory_optimized_2 - INFO - config.dataset.val._base_.action_filter.exclude : [50, 51, 52, 53, 54, 55, 56, 57, 58, 59, 60, 106, 107, 108, 109, 110, 111, 112, 113, 114, 115, 116, 117, 118, 119, 120]
2025-11-03 12:29:41,388 - gcn_skeleton_memory_optimized_2 - INFO - config.dataset.val._base_.action_filter.description : 排除双人交互动作，仅使用单人动作进行训练
2025-11-03 12:29:41,388 - gcn_skeleton_memory_optimized_2 - INFO - config.dataset.val._base_.dataset_split = edict()
2025-11-03 12:29:41,388 - gcn_skeleton_memory_optimized_2 - INFO - config.dataset.val._base_.dataset_split.train_ratio : 0.8
2025-11-03 12:29:41,388 - gcn_skeleton_memory_optimized_2 - INFO - config.dataset.val._base_.dataset_split.val_ratio : 0.15
2025-11-03 12:29:41,389 - gcn_skeleton_memory_optimized_2 - INFO - config.dataset.val._base_.dataset_split.test_ratio : 0.05
2025-11-03 12:29:41,389 - gcn_skeleton_memory_optimized_2 - INFO - config.dataset.val._base_.dataset_split.split_method : cross_subject
2025-11-03 12:29:41,389 - gcn_skeleton_memory_optimized_2 - INFO - config.dataset.val._base_.dataset_split.description : 按照交叉主体协议划分数据集
2025-11-03 12:29:41,389 - gcn_skeleton_memory_optimized_2 - INFO - config.dataset.val.others = edict()
2025-11-03 12:29:41,389 - gcn_skeleton_memory_optimized_2 - INFO - config.dataset.val.others.subset : val
2025-11-03 12:29:41,389 - gcn_skeleton_memory_optimized_2 - INFO - config.dataset.val.others.npoints : 25
2025-11-03 12:29:41,389 - gcn_skeleton_memory_optimized_2 - INFO - config.dataset.val.others.normalize : True
2025-11-03 12:29:41,389 - gcn_skeleton_memory_optimized_2 - INFO - config.dataset.val.others.bs : 1
2025-11-03 12:29:41,389 - gcn_skeleton_memory_optimized_2 - INFO - config.dataset.test = edict()
2025-11-03 12:29:41,389 - gcn_skeleton_memory_optimized_2 - INFO - config.dataset.test._base_ = edict()
2025-11-03 12:29:41,389 - gcn_skeleton_memory_optimized_2 - INFO - config.dataset.test._base_.NAME : NTU_Skeleton_Raw
2025-11-03 12:29:41,389 - gcn_skeleton_memory_optimized_2 - INFO - config.dataset.test._base_.DATA_PATH : ../HumanPoint-BERT/data/NTU-RGB+D
2025-11-03 12:29:41,389 - gcn_skeleton_memory_optimized_2 - INFO - config.dataset.test._base_.N_POINTS : 25
2025-11-03 12:29:41,389 - gcn_skeleton_memory_optimized_2 - INFO - config.dataset.test._base_.action_filter = edict()
2025-11-03 12:29:41,389 - gcn_skeleton_memory_optimized_2 - INFO - config.dataset.test._base_.action_filter.exclude : [50, 51, 52, 53, 54, 55, 56, 57, 58, 59, 60, 106, 107, 108, 109, 110, 111, 112, 113, 114, 115, 116, 117, 118, 119, 120]
2025-11-03 12:29:41,389 - gcn_skeleton_memory_optimized_2 - INFO - config.dataset.test._base_.action_filter.description : 排除双人交互动作，仅使用单人动作进行训练
2025-11-03 12:29:41,389 - gcn_skeleton_memory_optimized_2 - INFO - config.dataset.test._base_.dataset_split = edict()
2025-11-03 12:29:41,389 - gcn_skeleton_memory_optimized_2 - INFO - config.dataset.test._base_.dataset_split.train_ratio : 0.8
2025-11-03 12:29:41,389 - gcn_skeleton_memory_optimized_2 - INFO - config.dataset.test._base_.dataset_split.val_ratio : 0.15
2025-11-03 12:29:41,389 - gcn_skeleton_memory_optimized_2 - INFO - config.dataset.test._base_.dataset_split.test_ratio : 0.05
2025-11-03 12:29:41,389 - gcn_skeleton_memory_optimized_2 - INFO - config.dataset.test._base_.dataset_split.split_method : cross_subject
2025-11-03 12:29:41,389 - gcn_skeleton_memory_optimized_2 - INFO - config.dataset.test._base_.dataset_split.description : 按照交叉主体协议划分数据集
2025-11-03 12:29:41,389 - gcn_skeleton_memory_optimized_2 - INFO - config.dataset.test.others = edict()
2025-11-03 12:29:41,389 - gcn_skeleton_memory_optimized_2 - INFO - config.dataset.test.others.subset : test
2025-11-03 12:29:41,389 - gcn_skeleton_memory_optimized_2 - INFO - config.dataset.test.others.npoints : 25
2025-11-03 12:29:41,389 - gcn_skeleton_memory_optimized_2 - INFO - config.dataset.test.others.normalize : True
2025-11-03 12:29:41,389 - gcn_skeleton_memory_optimized_2 - INFO - config.dataset.test.others.bs : 1
2025-11-03 12:29:41,389 - gcn_skeleton_memory_optimized_2 - INFO - config.model = edict()
2025-11-03 12:29:41,389 - gcn_skeleton_memory_optimized_2 - INFO - config.model.NAME : GCNSkeletonTokenizer_Gumbel
2025-11-03 12:29:41,390 - gcn_skeleton_memory_optimized_2 - INFO - config.model.num_joints : 25
2025-11-03 12:29:41,390 - gcn_skeleton_memory_optimized_2 - INFO - config.model.num_tokens : 256
2025-11-03 12:29:41,390 - gcn_skeleton_memory_optimized_2 - INFO - config.model.token_dim : 256
2025-11-03 12:29:41,390 - gcn_skeleton_memory_optimized_2 - INFO - config.model.temporal_length : 1
2025-11-03 12:29:41,390 - gcn_skeleton_memory_optimized_2 - INFO - config.model.tokens_per_group : 48
2025-11-03 12:29:41,390 - gcn_skeleton_memory_optimized_2 - INFO - config.model.temperature_init : 1.0
2025-11-03 12:29:41,390 - gcn_skeleton_memory_optimized_2 - INFO - config.model.temperature_min : 0.5
2025-11-03 12:29:41,390 - gcn_skeleton_memory_optimized_2 - INFO - config.model.temperature_decay : 0.99995
2025-11-03 12:29:41,390 - gcn_skeleton_memory_optimized_2 - INFO - config.model.kl_weight : 0.2
2025-11-03 12:29:41,390 - gcn_skeleton_memory_optimized_2 - INFO - config.model.residual_reg_weight : 2.0
2025-11-03 12:29:41,390 - gcn_skeleton_memory_optimized_2 - INFO - config.total_bs : 8
2025-11-03 12:29:41,390 - gcn_skeleton_memory_optimized_2 - INFO - config.step_per_update : 2
2025-11-03 12:29:41,390 - gcn_skeleton_memory_optimized_2 - INFO - config.max_epoch : 100
2025-11-03 12:29:41,390 - gcn_skeleton_memory_optimized_2 - INFO - config.use_gpu : True
2025-11-03 12:29:41,390 - gcn_skeleton_memory_optimized_2 - INFO - config.val_freq : 10
2025-11-03 12:29:41,390 - gcn_skeleton_memory_optimized_2 - INFO - config.num_workers : 2
2025-11-03 12:29:41,390 - gcn_skeleton_memory_optimized_2 - INFO - config.seed : 2021
2025-11-03 12:29:41,390 - gcn_skeleton_memory_optimized_2 - INFO - config.consider_metric : CDL1
2025-11-03 12:29:41,390 - gcn_skeleton_memory_optimized_2 - INFO - Distributed training: False
2025-11-03 12:29:41,390 - gcn_skeleton_memory_optimized_2 - INFO - Set random seed to 0, deterministic: False
